============================================================
  Generated by:           Genus(TM) Synthesis Solution 18.14-s037_1
  Generated on:           Feb 15 2024  10:12:13 pm
  Module:                 ArithmeticLogicUnit
  Operating conditions:   typical 
  Interconnect mode:      global
  Area mode:              physical library
============================================================


Path 1: MET (711 ps) Path Delay Check
     Startpoint: (F) opcode[2]
       Endpoint: (R) halt

                   Capture    Launch  
      Path Delay:+    1000         -  
      Drv Adjust:+       0         0  
         Arrival:=    1000            
                                      
   Required Time:=    1000            
       Data Path:-     289            
           Slack:=     711            

Exceptions/Constraints:
  max_delay             1000            alu_conv.sdc_line_16 

#-------------------------------------------------------------------------------------------
#   Timing Point    Flags    Arc   Edge   Cell     Fanout Load Trans Delay Arrival Instance 
#                                                         (fF)  (ps)  (ps)   (ps)  Location 
#-------------------------------------------------------------------------------------------
  opcode[2]         -       -      F     (arrival)      1  1.0     0     0       0    (-,-) 
  drc_buf_sp46130/Z -       A->Z   F     CLKBUF_X1      1  1.9     8    26      26    (-,-) 
  g12878__2391/ZN   -       A4->ZN R     NOR4_X1        1  1.9    44    80     106    (-,-) 
  g12875__6877/ZN   -       A1->ZN F     NAND3_X1       5  8.7    31    51     157    (-,-) 
  g33967__5019/ZN   -       A1->ZN R     NOR3_X1        3  4.8    49    67     225    (-,-) 
  g33759__2683/ZN   -       A1->ZN F     NAND3_X1       3  5.1    25    40     265    (-,-) 
  g33538__4547/ZN   (i)     B1->ZN R     OAI21_X1      33  0.0     0    24     289    (-,-) 
  halt              <<<     -      R     (port)         -    -     -     0     289    (-,-) 
#-------------------------------------------------------------------------------------------

(i) : Net is ideal.

