============================================================
  Generated by:           Genus(TM) Synthesis Solution 18.14-s037_1
  Generated on:           Feb 16 2024  01:24:27 am
  Module:                 Execute
  Operating conditions:   typical 
  Interconnect mode:      global
  Area mode:              physical library
============================================================


Path 1: MET (0 ps) Path Delay Check
     Startpoint: (F) PC[1]
       Endpoint: (F) targetAddr[31]

                   Capture    Launch  
      Path Delay:+    1000         -  
      Drv Adjust:+       0         0  
         Arrival:=    1000            
                                      
   Required Time:=    1000            
       Data Path:-    1000            
           Slack:=       0            

Exceptions/Constraints:
  max_delay             1000            alu_conv.sdc_1_line_16 

#---------------------------------------------------------------------------------------------------
#       Timing Point        Flags    Arc   Edge   Cell     Fanout Load Trans Delay Arrival Instance 
#                                                                 (fF)  (ps)  (ps)   (ps)  Location 
#---------------------------------------------------------------------------------------------------
  PC[1]                     -       -      F     (arrival)      2  3.6     0     0       0    (-,-) 
  drc_bufs46839/Z           -       A->Z   F     BUF_X2         2  3.0     5    21      21    (-,-) 
  add_117_28_g2615__5703/ZN -       A2->ZN F     OR2_X2         2  3.5     9    46      67    (-,-) 
  add_117_28_g2568__3772/ZN -       A1->ZN R     NAND2_X1       1  1.9    10    15      82    (-,-) 
  add_117_28_g2565__9906/ZN -       A1->ZN F     NAND2_X1       2  4.1    11    18     100    (-,-) 
  add_117_28_g2561__1840/ZN -       A1->ZN R     NAND2_X1       1  3.4    13    20     119    (-,-) 
  add_117_28_g2559__5795/ZN -       A1->ZN F     NAND2_X2       2  4.1     8    15     134    (-,-) 
  add_117_28_g2558__2703/ZN -       A1->ZN R     NAND2_X1       1  1.9    10    15     149    (-,-) 
  add_117_28_g2556__2250/ZN -       A1->ZN F     NAND2_X1       2  4.1    11    18     167    (-,-) 
  add_117_28_g2555__5266/ZN -       A1->ZN R     NAND2_X1       1  1.9    10    16     183    (-,-) 
  add_117_28_g2553__5703/ZN -       A1->ZN F     NAND2_X1       2  4.1    11    18     201    (-,-) 
  add_117_28_g2552__5953/ZN -       A1->ZN R     NAND2_X1       1  1.9    10    16     217    (-,-) 
  add_117_28_g2550__8757/ZN -       A1->ZN F     NAND2_X1       2  4.1    11    18     235    (-,-) 
  add_117_28_g2549__7118/ZN -       A1->ZN R     NAND2_X1       1  1.9    10    16     251    (-,-) 
  add_117_28_g2547__2391/ZN -       A1->ZN F     NAND2_X1       2  4.1    11    18     269    (-,-) 
  add_117_28_g2546__2900/ZN -       A1->ZN R     NAND2_X1       1  1.9    10    16     285    (-,-) 
  add_117_28_g2544__1309/ZN -       A1->ZN F     NAND2_X1       2  3.5    10    17     302    (-,-) 
  add_117_28_g2543__2683/ZN -       A1->ZN F     AND2_X1        2  2.7     7    31     333    (-,-) 
  add_117_28_g2540__1474/ZN -       B1->ZN R     AOI21_X1       2  4.4    34    39     372    (-,-) 
  add_117_28_g2537__8780/ZN -       B1->ZN F     OAI21_X1       2  4.1    16    26     398    (-,-) 
  add_117_28_g2536__9906/ZN -       A1->ZN R     NAND2_X1       1  1.9    10    18     417    (-,-) 
  add_117_28_g2534__5019/ZN -       A1->ZN F     NAND2_X1       2  4.1    11    18     435    (-,-) 
  add_117_28_g2533__1840/ZN -       A1->ZN R     NAND2_X1       1  1.9    10    16     451    (-,-) 
  add_117_28_g2531__5795/ZN -       A1->ZN F     NAND2_X1       2  4.1    11    18     469    (-,-) 
  add_117_28_g2530__2703/ZN -       A1->ZN R     NAND2_X1       1  1.9    10    16     485    (-,-) 
  add_117_28_g2528__2250/ZN -       A1->ZN F     NAND2_X1       2  4.1    11    18     503    (-,-) 
  add_117_28_g2527__5266/ZN -       A1->ZN R     NAND2_X1       1  1.9    10    16     519    (-,-) 
  add_117_28_g2525__5703/ZN -       A1->ZN F     NAND2_X1       2  4.1    11    18     537    (-,-) 
  add_117_28_g2524__5953/ZN -       A1->ZN R     NAND2_X1       1  3.4    13    20     556    (-,-) 
  add_117_28_g2522__8757/ZN -       A1->ZN F     NAND2_X2       3  5.1     9    16     573    (-,-) 
  add_117_28_g2521__7118/ZN -       A1->ZN F     AND2_X1        2  3.4     8    32     604    (-,-) 
  add_117_28_g2519__2391/ZN -       A1->ZN R     NAND2_X1       1  3.6    14    19     623    (-,-) 
  add_117_28_g2516__1309/ZN -       A->ZN  F     OAI211_X2      2  4.1    20    29     652    (-,-) 
  add_117_28_g2512__1474/ZN -       A1->ZN R     NAND2_X1       2  5.1    17    28     680    (-,-) 
  add_117_28_g2508__9906/ZN -       C1->ZN F     OAI211_X2      3  5.1    20    24     705    (-,-) 
  add_117_28_g2506__5019/ZN -       A1->ZN F     AND2_X1        1  1.8     6    34     739    (-,-) 
  add_117_28_g2503__5795/ZN -       B1->ZN R     OAI21_X1       1  3.4    26    34     774    (-,-) 
  add_117_28_g2501__6083/ZN -       A1->ZN F     NAND2_X2       3  7.1    13    22     796    (-,-) 
  add_117_28_g2500__2250/ZN -       A1->ZN R     NAND3_X2       3  5.0    14    20     816    (-,-) 
  add_117_28_g2499/ZN       -       A->ZN  F     INV_X1         1  1.8     5     9     825    (-,-) 
  add_117_28_g2497__7114/ZN -       A1->ZN R     NAND2_X1       1  3.6    14    17     842    (-,-) 
  add_117_28_g2493__8757/ZN -       A->ZN  F     OAI211_X2      2  4.1    20    29     871    (-,-) 
  add_117_28_g2490__2391/ZN -       A1->ZN R     NAND2_X1       2  3.8    14    25     896    (-,-) 
  add_117_28_g2486__2683/ZN -       A1->ZN F     NOR2_X1        1  1.7    10    10     906    (-,-) 
  add_117_28_g2684__2703/ZN -       A1->ZN R     NOR2_X1        2  4.4    28    38     944    (-,-) 
  add_117_28_g2481__1474/ZN -       B1->ZN F     OAI21_X1       1  2.4    12    20     964    (-,-) 
  add_117_28_g2480__3772/ZN -       A->ZN  F     XNOR2_X1       1  0.4    10    36    1000    (-,-) 
  targetAddr[31]            <<<     -      F     (port)         -    -     -     0    1000    (-,-) 
#---------------------------------------------------------------------------------------------------

