============================================================
  Generated by:           Genus(TM) Synthesis Solution 18.14-s037_1
  Generated on:           Feb 15 2024  10:41:59 pm
  Module:                 HazardUnit
  Operating conditions:   typical 
  Interconnect mode:      global
  Area mode:              physical library
============================================================


Path 1: MET (690 ps) Path Delay Check
     Startpoint: (F) opcode_ID[2]
       Endpoint: (R) MEM_stall

                   Capture    Launch  
      Path Delay:+    1000         -  
      Drv Adjust:+       0         0  
         Arrival:=    1000            
                                      
   Required Time:=    1000            
       Data Path:-     310            
           Slack:=     690            

Exceptions/Constraints:
  max_delay             1000            alu_conv.sdc_line_16 

#------------------------------------------------------------------------------------------
#  Timing Point    Flags    Arc   Edge   Cell     Fanout Load Trans Delay Arrival Instance 
#                                                        (fF)  (ps)  (ps)   (ps)  Location 
#------------------------------------------------------------------------------------------
  opcode_ID[2]     -       -      F     (arrival)      1  1.0     0     0       0    (-,-) 
  drc_buf_sp2103/Z -       A->Z   F     CLKBUF_X1      1  1.9     8    26      26    (-,-) 
  g1909__5953/ZN   -       A2->ZN R     NOR2_X1        1  1.9    16    29      54    (-,-) 
  g1890__6083/ZN   -       A1->ZN F     NAND3_X1       2  3.5    15    25      80    (-,-) 
  g1879__2900/ZN   -       B->ZN  R     AOI211_X1      3  5.6    65    96     176    (-,-) 
  g1876/ZN         -       A->ZN  F     INV_X1         1  1.8    14    10     186    (-,-) 
  g1869__4547/ZN   -       A->ZN  R     OAI21_X1       2  3.7    28    28     214    (-,-) 
  g1864__1474/ZN   -       A->ZN  F     OAI211_X1      2  3.3    20    37     251    (-,-) 
  g1862__4296/ZN   -       B1->ZN R     OAI33_X1       1  0.4    47    59     310    (-,-) 
  MEM_stall        -       -      R     (port)         -    -     -     0     310    (-,-) 
#------------------------------------------------------------------------------------------

