============================================================
  Generated by:           Genus(TM) Synthesis Solution 18.14-s037_1
  Generated on:           Feb 15 2024  10:48:47 pm
  Module:                 ImmediateGenerator
  Operating conditions:   typical 
  Interconnect mode:      global
  Area mode:              physical library
============================================================


Path 1: UNCONSTRAINED Setup Check with Pin immediate_reg[31]/G->D
     Startpoint: (F) ImmSel[0]
       Endpoint: (F) immediate_reg[31]/D

                   Capture    Launch  
      Drv Adjust:+       0         0  
                                      
           Setup:-      56            
       Data Path:-     250            

#---------------------------------------------------------------------------------------------
#    Timing Point     Flags    Arc   Edge   Cell     Fanout Load Trans Delay Arrival Instance 
#                                                           (fF)  (ps)  (ps)   (ps)  Location 
#---------------------------------------------------------------------------------------------
  ImmSel[0]           -       -      F     (arrival)      1  1.0     0     0       0    (-,-) 
  drc_buf_sp1595/Z    -       A->Z   F     CLKBUF_X1      7 13.7    34    58      58    (-,-) 
  drc_bufs1375/ZN     -       A->ZN  R     INV_X1         3  5.8    20    35      93    (-,-) 
  g1198__2900/ZN      -       A1->ZN F     NOR2_X1        2  3.5    10    14     107    (-,-) 
  g1196/ZN            -       A->ZN  R     INV_X1         3  5.0    14    21     128    (-,-) 
  g1180__6083/ZN      -       A2->ZN F     NAND2_X1       7  8.2    19    29     157    (-,-) 
  g1163__5953/ZN      -       A1->ZN R     NAND2_X1      12 21.5    54    67     225    (-,-) 
  g1153__9682/ZN      -       A->ZN  F     OAI21_X1       1  1.2    13    25     250    (-,-) 
  immediate_reg[31]/D -       -      F     DLH_X1         1    -     -     0     250    (-,-) 
#---------------------------------------------------------------------------------------------

