============================================================
  Generated by:           Genus(TM) Synthesis Solution 18.14-s037_1
  Generated on:           Mar 06 2024  11:34:55 pm
  Module:                 PipelinedCPU
  Operating conditions:   typical 
  Interconnect mode:      global
  Area mode:              physical library
============================================================


Path 1: MET (2 ps) Setup Check with Pin ID_EX_data_targetAddr_E_reg[31]/CK->D
          Group: CLK
     Startpoint: (R) IF_ID_InstWord_D_reg[6]/CK
          Clock: (F) CLK
       Endpoint: (R) ID_EX_data_targetAddr_E_reg[31]/D
          Clock: (F) CLK

                     Capture       Launch     
        Clock Edge:+    2250         1000     
       Src Latency:+       0            0     
       Net Latency:+       0 (I)        0 (I) 
           Arrival:=    2250         1000     
                                              
             Setup:-      34                  
     Required Time:=    2216                  
      Launch Clock:-    1000                  
         Data Path:-    1214                  
             Slack:=       2                  

#----------------------------------------------------------------------------------------------------------------
#             Timing Point               Flags    Arc   Edge   Cell     Fanout Load Trans Delay Arrival Instance 
#                                                                              (fF)  (ps)  (ps)   (ps)  Location 
#----------------------------------------------------------------------------------------------------------------
  IF_ID_InstWord_D_reg[6]/CK             -       -      R     (arrival)    550    -   100     -    1000    (-,-) 
  IF_ID_InstWord_D_reg[6]/Q              -       CK->Q  R     DFFR_X1        8 14.1    36   146    1146    (-,-) 
  g13529__2683/ZN                        -       A1->ZN F     NAND2_X1       2  3.4    15    23    1169    (-,-) 
  g38771/ZN                              -       A1->ZN R     NOR3_X1        1  6.3    59    72    1241    (-,-) 
  g13525__1474/ZN                        -       A1->ZN F     NAND2_X4      32 63.1    37    62    1303    (-,-) 
  g2/Z                                   -       S->Z   R     MUX2_X1        2  3.9    14    68    1371    (-,-) 
  ID_add_430_81_Y_ID_add_430_61_g2705/ZN -       A2->ZN R     AND2_X1        1  3.1    11    37    1408    (-,-) 
  g38773/CO                              -       CI->CO R     FA_X1          2  4.3    16    50    1458    (-,-) 
  ID_add_430_81_Y_ID_add_430_61_g2573/ZN -       A1->ZN F     NAND2_X1       1  1.8     8    15    1473    (-,-) 
  ID_add_430_81_Y_ID_add_430_61_g2571/ZN -       A1->ZN R     NAND2_X1       2  4.3    15    21    1494    (-,-) 
  ID_add_430_81_Y_ID_add_430_61_g2568/ZN -       A1->ZN F     NAND2_X1       1  1.8     8    15    1509    (-,-) 
  ID_add_430_81_Y_ID_add_430_61_g2566/ZN -       A1->ZN R     NAND2_X1       2  4.3    15    20    1529    (-,-) 
  ID_add_430_81_Y_ID_add_430_61_g2565/ZN -       A1->ZN F     NAND2_X1       1  1.8     8    15    1544    (-,-) 
  ID_add_430_81_Y_ID_add_430_61_g2563/ZN -       A1->ZN R     NAND2_X1       2  4.3    15    20    1564    (-,-) 
  ID_add_430_81_Y_ID_add_430_61_g2562/ZN -       A1->ZN F     NAND2_X1       1  1.8     8    15    1579    (-,-) 
  ID_add_430_81_Y_ID_add_430_61_g2560/ZN -       A1->ZN R     NAND2_X1       2  4.3    15    20    1600    (-,-) 
  ID_add_430_81_Y_ID_add_430_61_g2559/ZN -       A1->ZN F     NAND2_X1       1  1.8     8    15    1614    (-,-) 
  ID_add_430_81_Y_ID_add_430_61_g2557/ZN -       A1->ZN R     NAND2_X1       2  4.3    15    20    1635    (-,-) 
  ID_add_430_81_Y_ID_add_430_61_g2556/ZN -       A1->ZN F     NAND2_X1       1  1.8     8    15    1649    (-,-) 
  ID_add_430_81_Y_ID_add_430_61_g2554/ZN -       A1->ZN R     NAND2_X1       3  6.1    19    25    1674    (-,-) 
  g38775/ZN                              -       A1->ZN F     NAND3_X1       1  1.8    12    21    1695    (-,-) 
  ID_add_430_81_Y_ID_add_430_61_g2551/ZN -       A1->ZN R     NAND2_X1       2  4.3    15    22    1718    (-,-) 
  ID_add_430_81_Y_ID_add_430_61_g2549/ZN -       A1->ZN F     NAND2_X1       1  1.8     8    15    1732    (-,-) 
  ID_add_430_81_Y_ID_add_430_61_g2547/ZN -       A1->ZN R     NAND2_X1       2  4.3    15    20    1753    (-,-) 
  ID_add_430_81_Y_ID_add_430_61_g2545/ZN -       A1->ZN F     NAND2_X1       1  1.8     8    15    1768    (-,-) 
  ID_add_430_81_Y_ID_add_430_61_g2543/ZN -       A1->ZN R     NAND2_X1       2  4.3    15    20    1788    (-,-) 
  ID_add_430_81_Y_ID_add_430_61_g2542/ZN -       A1->ZN F     NAND2_X1       1  1.8     8    15    1803    (-,-) 
  ID_add_430_81_Y_ID_add_430_61_g2540/ZN -       A1->ZN R     NAND2_X1       2  4.3    15    20    1823    (-,-) 
  ID_add_430_81_Y_ID_add_430_61_g2539/ZN -       A1->ZN F     NAND2_X1       1  1.8     8    15    1838    (-,-) 
  ID_add_430_81_Y_ID_add_430_61_g2537/ZN -       A1->ZN R     NAND2_X1       2  4.3    15    20    1859    (-,-) 
  ID_add_430_81_Y_ID_add_430_61_g2536/ZN -       A1->ZN F     NAND2_X1       1  1.8     8    15    1873    (-,-) 
  ID_add_430_81_Y_ID_add_430_61_g2534/ZN -       A1->ZN R     NAND2_X1       2  4.3    15    20    1894    (-,-) 
  ID_add_430_81_Y_ID_add_430_61_g2533/ZN -       A1->ZN F     NAND2_X1       1  1.8     8    15    1908    (-,-) 
  ID_add_430_81_Y_ID_add_430_61_g2531/ZN -       A1->ZN R     NAND2_X1       2  3.6    14    19    1927    (-,-) 
  ID_add_430_81_Y_ID_add_430_61_g2530/ZN -       A1->ZN R     AND2_X1        3  5.6    17    43    1970    (-,-) 
  ID_add_430_81_Y_ID_add_430_61_g2523/ZN -       A1->ZN F     NAND3_X1       1  1.8    13    20    1990    (-,-) 
  ID_add_430_81_Y_ID_add_430_61_g2521/ZN -       A1->ZN R     NAND2_X1       4  7.8    23    31    2022    (-,-) 
  g3/ZN                                  -       B1->ZN F     AOI21_X1       1  3.0    12    21    2042    (-,-) 
  g38776/ZN                              -       A1->ZN R     NOR2_X2        2  3.8    16    26    2068    (-,-) 
  ID_add_430_81_Y_ID_add_430_61_g2496/ZN -       A1->ZN F     NAND2_X1       1  1.8     8    15    2084    (-,-) 
  ID_add_430_81_Y_ID_add_430_61_g2493/ZN -       A1->ZN R     NAND2_X1       2  4.3    15    21    2104    (-,-) 
  ID_add_430_81_Y_ID_add_430_61_g2487/ZN -       A1->ZN F     NAND2_X1       1  1.2     7    13    2117    (-,-) 
  ID_add_430_81_Y_ID_add_430_61_g2/ZN    -       A1->ZN F     AND2_X1        1  2.4     7    29    2146    (-,-) 
  ID_add_430_81_Y_ID_add_430_61_g2482/ZN -       A->ZN  R     XNOR2_X1       2  3.0    25    33    2179    (-,-) 
  g15106/ZN                              -       A1->ZN R     AND2_X1        1  1.4     9    35    2214    (-,-) 
  ID_EX_data_targetAddr_E_reg[31]/D      <<<     -      R     DFFR_X1        1    -     -     0    2214    (-,-) 
#----------------------------------------------------------------------------------------------------------------

